\BOOKMARK [1][-]{section*.1}{\376\377\000A\000b\000s\000t\000r\000a\000c\000t}{}% 1
\BOOKMARK [1][-]{section.1}{\376\377\0001\000\040\000I\000n\000t\000r\000o\000d\000u\000c\000t\000i\000o\000n}{}% 2
\BOOKMARK [1][-]{section.2}{\376\377\0002\000\040\000P\000r\000e\000l\000i\000m\000i\000n\000a\000r\000i\000e\000s}{}% 3
\BOOKMARK [2][-]{subsection.2.1}{\376\377\0002\000.\0001\000\040\000D\000i\000f\000f\000i\000e\000-\000H\000e\000l\000l\000m\000a\000n\000\040\000H\000a\000r\000d\000n\000e\000s\000s\000\040\000A\000s\000s\000u\000m\000p\000t\000i\000o\000n}{section.2}% 4
\BOOKMARK [2][-]{subsection.2.2}{\376\377\0002\000.\0002\000\040\000H\000i\000d\000i\000n\000g\000\040\000R\000e\000c\000i\000p\000i\000e\000n\000t\000s\000:\000\040\000S\000t\000e\000a\000l\000t\000h\000\040\000A\000d\000d\000r\000e\000s\000s\000e\000s}{section.2}% 5
\BOOKMARK [2][-]{subsection.2.3}{\376\377\0002\000.\0003\000\040\000O\000b\000f\000u\000s\000c\000a\000t\000i\000n\000g\000\040\000S\000e\000n\000d\000e\000r}{section.2}% 6
\BOOKMARK [2][-]{subsection.2.4}{\376\377\0002\000.\0004\000\040\000C\000r\000y\000p\000t\000o\000g\000r\000a\000p\000h\000i\000c\000\040\000A\000c\000c\000u\000m\000u\000l\000a\000t\000o\000r}{section.2}% 7
\BOOKMARK [1][-]{section.3}{\376\377\0003\000\040\000S\000e\000g\000r\000e\000g\000a\000t\000e\000d\000\040\000B\000y\000z\000a\000n\000t\000i\000n\000e\000\040\000A\000g\000r\000e\000e\000m\000e\000n\000t}{}% 8
\BOOKMARK [2][-]{subsection.3.1}{\376\377\0003\000.\0001\000\040\000C\000o\000n\000s\000e\000n\000s\000u\000s\000\040\000O\000u\000t\000l\000i\000n\000e}{section.3}% 9
\BOOKMARK [2][-]{subsection.3.2}{\376\377\0003\000.\0002\000\040\000V\000e\000r\000i\000f\000i\000a\000b\000l\000e\000\040\000R\000a\000n\000d\000o\000m\000\040\000F\000u\000n\000c\000t\000i\000o\000n}{section.3}% 10
\BOOKMARK [2][-]{subsection.3.3}{\376\377\0003\000.\0003\000\040\000C\000r\000y\000p\000t\000o\000g\000r\000a\000p\000h\000i\000c\000a\000l\000l\000y\000\040\000C\000o\000m\000m\000i\000t\000t\000e\000d\000\040\000P\000r\000o\000v\000i\000s\000i\000o\000n\000e\000r\000s}{section.3}% 11
\BOOKMARK [2][-]{subsection.3.4}{\376\377\0003\000.\0004\000\040\000N\000o\000n\000-\000I\000n\000t\000e\000r\000a\000c\000t\000i\000v\000e\000\040\000V\000e\000r\000i\000f\000i\000a\000b\000l\000e\000\040\000S\000h\000a\000r\000e\000d\000\040\000S\000e\000c\000r\000e\000t\000\040\000P\000r\000o\000t\000o\000c\000o\000l}{section.3}% 12
\BOOKMARK [2][-]{subsection.3.5}{\376\377\0003\000.\0005\000\040\000B\000l\000o\000c\000k\000\040\000G\000e\000n\000e\000r\000a\000t\000i\000o\000n\000\040\000S\000o\000r\000t\000i\000t\000i\000o\000n}{section.3}% 13
\BOOKMARK [2][-]{subsection.3.6}{\376\377\0003\000.\0006\000\040\000V\000e\000r\000i\000f\000i\000c\000a\000t\000i\000o\000n\000\040\040\024\000\040\000P\000r\000e\000-\000B\000l\000o\000c\000k\000\040\000P\000r\000o\000p\000a\000g\000a\000t\000i\000o\000n}{section.3}% 14
\BOOKMARK [2][-]{subsection.3.7}{\376\377\0003\000.\0007\000\040\000V\000o\000t\000i\000n\000g\000\040\000O\000n\000\040\000B\000l\000o\000c\000k\000s\000\040\040\024\000\040\000V\000o\000t\000e\000r\000'\000s\000\040\000S\000o\000r\000t\000i\000t\000i\000o\000n}{section.3}% 15
\BOOKMARK [2][-]{subsection.3.8}{\376\377\0003\000.\0008\000\040\000N\000o\000t\000a\000r\000i\000e\000s\000\040\040\024\000\040\000B\000l\000o\000c\000k\000\040\000R\000e\000w\000a\000r\000d\000s}{section.3}% 16
\BOOKMARK [1][-]{section.4}{\376\377\0004\000\040\000D\000u\000s\000k\000\040\000A\000n\000o\000n\000y\000m\000o\000u\000s\000\040\000N\000e\000t\000w\000o\000r\000k\000\040\000L\000a\000y\000e\000r}{}% 17
\BOOKMARK [2][-]{subsection.4.1}{\376\377\0004\000.\0001\000\040\000B\000o\000o\000t\000s\000t\000r\000a\000p}{section.4}% 18
\BOOKMARK [2][-]{subsection.4.2}{\376\377\0004\000.\0002\000\040\000G\000o\000s\000s\000i\000p\000\040\000C\000o\000m\000m\000u\000n\000i\000c\000a\000t\000i\000o\000n}{section.4}% 19
\BOOKMARK [2][-]{subsection.4.3}{\376\377\0004\000.\0003\000\040\000P\000e\000e\000r\000-\000S\000t\000a\000t\000u\000s\000\040\000P\000r\000o\000p\000a\000g\000a\000t\000i\000o\000n}{section.4}% 20
\BOOKMARK [2][-]{subsection.4.4}{\376\377\0004\000.\0004\000\040\000T\000r\000a\000n\000s\000a\000c\000t\000i\000o\000n\000\040\000P\000r\000o\000p\000a\000g\000a\000t\000i\000o\000n}{section.4}% 21
\BOOKMARK [1][-]{section.5}{\376\377\0005\000\040\000S\000e\000c\000u\000r\000e\000\040\000T\000u\000n\000n\000e\000l\000\040\000S\000w\000i\000t\000c\000h\000i\000n\000g\000\040\000\050\000S\000T\000S\000\051}{}% 22
\BOOKMARK [2][-]{subsection.5.1}{\376\377\0005\000.\0001\000\040\000S\000e\000t\000u\000p}{section.5}% 23
\BOOKMARK [2][-]{subsection.5.2}{\376\377\0005\000.\0002\000\040\000T\000u\000n\000n\000e\000l\000\040\000S\000w\000i\000t\000c\000h\000i\000n\000g}{section.5}% 24
\BOOKMARK [1][-]{section.6}{\376\377\0006\000\040\000O\000n\000-\000\040\000O\000f\000f\000l\000i\000n\000e\000\040\000F\000i\000l\000e\000\040\000T\000r\000a\000n\000s\000f\000e\000r}{}% 25
\BOOKMARK [1][-]{section.7}{\376\377\0007\000\040\000C\000o\000n\000c\000l\000u\000s\000i\000o\000n\000s}{}% 26
\BOOKMARK [1][-]{section*.25}{\376\377\000R\000e\000f\000e\000r\000e\000n\000c\000e\000s}{}% 27
